<?xml version="1.0" encoding="UTF-8"?>
<!-- Generated by org.testng.reporters.JUnitXMLReporter -->
<testsuite hostname="DESKTOP-IA0DLJF" name="Regression 1" tests="3" failures="0" timestamp="11 Feb 2019 09:20:24 GMT" time="331.348" errors="0">
  <testcase name="testValidLogin2" time="165.659" classname="com.pulse.Test.ValidLogin2"/>
  <testcase name="testValidLogin1" time="189.396" classname="com.pulse.Test.ValidLogin"/>
  <testcase name="addparticipant" time="281.239" classname="com.pulse.Test.AddParticipant"/>
</testsuite> <!-- Regression 1 -->
