<?xml version="1.0" encoding="UTF-8"?>
<!-- Generated by org.testng.reporters.JUnitXMLReporter -->
<testsuite hostname="DC4-QVM-TMQA-08" ignored="0" name="Regression 4" tests="6" failures="0" timestamp="09 Sep 2018 06:53:45 GMT" time="39.249" errors="0">
  <testcase name="testGooglePageTitleInFirefox" time="1.092" classname="com.pulse.Test.ValidLogin4"/>
  <testcase name="testGooglePageTitleInFirefox1" time="4.309" classname="com.pulse.Test.ValidLogin4"/>
  <testcase name="testGooglePageTitleInFirefox2" time="7.214" classname="com.pulse.Test.ValidLogin4"/>
  <testcase name="testGooglePageTitleInFirefox3" time="6.872" classname="com.pulse.Test.ValidLogin4"/>
  <testcase name="testSearchGoogle" time="6.129" classname="com.pulse.Test.ValidLogin4"/>
  <testcase name="testSearchGoogle1" time="5.763" classname="com.pulse.Test.ValidLogin4"/>
</testsuite> <!-- Regression 4 -->
