<?xml version="1.0" encoding="UTF-8"?>
<testng-results skipped="0" failed="0" total="1" passed="1">
  <reporter-output>
  </reporter-output>
  <suite name="Parallel test suite" duration-ms="28599" started-at="2019-01-14T11:14:46Z" finished-at="2019-01-14T11:15:14Z">
    <groups>
    </groups>
    <test name="Regression 1" duration-ms="28599" started-at="2019-01-14T11:14:46Z" finished-at="2019-01-14T11:15:14Z">
      <class name="com.pulse.Test.ValidLogin">
        <test-method status="PASS" signature="setUp(java.lang.String)[pri:0, instance:com.pulse.Test.ValidLogin@7133da86]" name="setUp" is-config="true" duration-ms="4210" started-at="2019-01-14T06:14:46Z" finished-at="2019-01-14T06:14:50Z">
          <params>
            <param index="0">
              <value>
                <![CDATA[chrome]]>
              </value>
            </param>
          </params>
          <reporter-output>
          </reporter-output>
        </test-method> <!-- setUp -->
        <test-method status="PASS" signature="testValidLogin1(java.lang.reflect.Method)[pri:0, instance:com.pulse.Test.ValidLogin@7133da86]" name="testValidLogin1" duration-ms="23533" started-at="2019-01-14T06:14:50Z" finished-at="2019-01-14T06:15:13Z">
          <params>
            <param index="0">
              <value>
                <![CDATA[public void com.pulse.Test.ValidLogin.testValidLogin1(java.lang.reflect.Method) throws java.lang.Exception]]>
              </value>
            </param>
          </params>
          <reporter-output>
          </reporter-output>
        </test-method> <!-- testValidLogin1 -->
        <test-method status="PASS" signature="tearDown()[pri:0, instance:com.pulse.Test.ValidLogin@7133da86]" name="tearDown" is-config="true" duration-ms="838" started-at="2019-01-14T06:15:13Z" finished-at="2019-01-14T06:15:14Z">
          <reporter-output>
          </reporter-output>
        </test-method> <!-- tearDown -->
      </class> <!-- com.pulse.Test.ValidLogin -->
    </test> <!-- Regression 1 -->
  </suite> <!-- Parallel test suite -->
</testng-results>
